2021-02-14 21:54:38.117 - INFO - 5616 - azureml.train.automl.run._log_activity:54 - ActivityStarted: GetOutput
2021-02-14 21:54:38.123 - INFO - 5616 - azureml.train.automl.run._log_activity:54 - ActivityStarted: GetOutput
2021-02-14 21:54:38.144 - INFO - 5616 - azureml.train.automl.run._log_activity:54 - ActivityStarted: GetChildren
2021-02-14 21:54:39.087 - INFO - 5616 - azureml.train.automl.run._log_activity:92 - ActivityCompleted: Activity=GetChildren, HowEnded=Success, Duration=943.07[ms]
2021-02-14 21:54:39.087 - INFO - 5616 - azureml.train.automl.run._log_activity:92 - ActivityCompleted: Activity=GetOutput, HowEnded=Success, Duration=964.13[ms]
2021-02-14 21:54:39.088 - INFO - 5616 - azureml.train.automl._model_download_utilities._log_activity:54 - ActivityStarted: DownloadModel
2021-02-14 21:54:57.645 - INFO - 5616 - azureml.automl.runtime.distributed.utilities.horovod_initialized:58 - Horovod not found in current environment. Distribution via Horovod will be disabled.
2021-02-14 21:55:01.364 - INFO - 5616 - azureml.automl.runtime.featurization.data_transformer.__init__:184 - Feature sweeping enabled: False
2021-02-14 21:55:01.364 - INFO - 5616 - azureml.automl.runtime.featurization.data_transformer.__init__:185 - Feature sweeping timeout: 86400
2021-02-14 21:55:03.321 - INFO - 5616 - azureml.train.automl._model_download_utilities._log_activity:92 - ActivityCompleted: Activity=DownloadModel, HowEnded=Success, Duration=24233.2[ms]
2021-02-14 21:55:03.322 - INFO - 5616 - azureml.train.automl.run._log_activity:92 - ActivityCompleted: Activity=GetOutput, HowEnded=Success, Duration=25204.29[ms]
2021-02-14 21:55:50.753 - INFO - 5616 - azureml.train.automl.run._log_activity:54 - ActivityStarted: GetOutput
2021-02-14 21:55:50.760 - INFO - 5616 - azureml.train.automl.run._log_activity:54 - ActivityStarted: GetOutput
2021-02-14 21:55:50.775 - INFO - 5616 - azureml.train.automl.run._log_activity:54 - ActivityStarted: GetChildren
2021-02-14 21:55:50.891 - INFO - 5616 - azureml.train.automl.run._log_activity:92 - ActivityCompleted: Activity=GetChildren, HowEnded=Success, Duration=116.75[ms]
2021-02-14 21:55:50.891 - INFO - 5616 - azureml.train.automl.run._log_activity:92 - ActivityCompleted: Activity=GetOutput, HowEnded=Success, Duration=131.43[ms]
2021-02-14 21:55:50.892 - INFO - 5616 - azureml.train.automl._model_download_utilities._log_activity:54 - ActivityStarted: DownloadModel
2021-02-14 21:55:51.394 - INFO - 5616 - azureml.automl.runtime.featurization.data_transformer.__init__:184 - Feature sweeping enabled: False
2021-02-14 21:55:51.394 - INFO - 5616 - azureml.automl.runtime.featurization.data_transformer.__init__:185 - Feature sweeping timeout: 86400
2021-02-14 21:55:51.413 - INFO - 5616 - azureml.train.automl._model_download_utilities._log_activity:92 - ActivityCompleted: Activity=DownloadModel, HowEnded=Success, Duration=521.35[ms]
2021-02-14 21:55:51.413 - INFO - 5616 - azureml.train.automl.run._log_activity:92 - ActivityCompleted: Activity=GetOutput, HowEnded=Success, Duration=659.64[ms]
